info @storybook/react v6.2.1
info 
info => Cleaning outputDir: /tmp/chromatic--1645-GN4EBjBdAcBv
info => Loading presets
info => Compiling manager..
info => Compiling preview..
info => Loading 1 config file in "/mnt/c/Users/hyeok/Documents/h2m-workspace/react-admin-component/.storybook"
info => Loading 5 other files in "/mnt/c/Users/hyeok/Documents/h2m-workspace/react-admin-component/.storybook"
info => Adding stories defined in "/mnt/c/Users/hyeok/Documents/h2m-workspace/react-admin-component/.storybook/main.js"
WARN unable to find package.json for rollup
info => Using implicit CSS loaders
(node:1690) DeprecationWarning: Relying on the implicit PostCSS loader is deprecated and will be removed in Storybook 7.0.
If you need PostCSS, include '@storybook/addon-postcss' in your '.storybook/main.js' file.

See https://github.com/storybookjs/storybook/blob/next/MIGRATION.md#deprecated-implicit-postcss-loader for details.
WARN Storybook support for Create React App is now a separate preset.
WARN To use the new preset, install `@storybook/preset-create-react-app` and add it to the list of `addons` in your `.storybook/main.js` config file.
WARN The built-in preset has been disabled in Storybook 6.0.
info => Using default Webpack4 setup
<s> [webpack.Progress] 0% compiling
<s> [webpack.Progress] 10% building 0/0 modules 0 active 
<s> [webpack.Progress] 10% building 0/1 modules 1 active multi /mnt/c/Users/hyeok/Documents/h2m-workspace/react-admin-component/node_modules/@storybook/core-server/dist/cjs/globals/polyfills.js /mnt/c/Users/hyeok/Documents/h2m-workspace/react-admin-component/node_modules/@storybook/core-server/dist/cjs/globals/globals.js /mnt/c/Users/hyeok/Documents/h2m-workspace/react-admin-component/.storybook/storybook-init-framework-entry.js /mnt/c/Users/hyeok/Documents/h2m-workspace/react-admin-component/node_modules/@storybook/addon-docs/dist/esm/frameworks/common/config.js-generated-other-entry.js /mnt/c/Users/hyeok/Documents/h2m-workspace/react-admin-component/node_modules/@storybook/addon-docs/dist/esm/frameworks/react/config.js-generated-other-entry.js /mnt/c/Users/hyeok/Documents/h2m-workspace/react-admin-component/node_modules/@storybook/addon-actions/dist/esm/preset/addDecorator.js-generated-other-entry.js /mnt/c/Users/hyeok/Documents/h2m-workspace/react-admin-component/node_modules/@storybook/addon-actions/dist/esm/preset/addArgs.js-generated-other-entry.js /mnt/c/Users/hyeok/Documents/h2m-workspace/react-admin-component/node_modules/@storybook/addon-links/dist/esm/preset/addDecorator.js-generated-other-entry.js /mnt/c/Users/hyeok/Documents/h2m-workspace/react-admin-component/.storybook/preview.js-generated-config-entry.js /mnt/c/Users/hyeok/Documents/h2m-workspace/react-admin-component/.storybook/generated-stories-entry.js
<s> [webpack.Progress] 10% building 1/1 modules 0 active 
<s> [webpack.Progress] 10% building 1/2 modules 1 active /mnt/c/Users/hyeok/Documents/h2m-workspace/react-admin-component/node_modules/babel-loader/lib/index.js??ref--4-0!/mnt/c/Users/hyeok/Documents/h2m-workspace/react-admin-component/.storybook/storybook-init-framework-entry.js
<s> [webpack.Progress] 10% building 1/3 modules 2 active /mnt/c/Users/hyeok/Documents/h2m-workspace/react-admin-component/node_modules/babel-loader/lib/index.js??ref--4-0!/mnt/c/Users/hyeok/Documents/h2m-workspace/react-admin-component/.storybook/preview.js-generated-config-entry.js
<s> [webpack.Progress] 10% building 1/4 modules 3 active /mnt/c/Users/hyeok/Documents/h2m-workspace/react-admin-component/node_modules/babel-loader/lib/index.js??ref--4-0!/mnt/c/Users/hyeok/Documents/h2m-workspace/react-admin-component/.storybook/generated-stories-entry.js
